# JRE version: OpenJDK Runtime Environment (Zulu 8.68.0.21-CA-win64) (8.0_362-b09) (build 1.8.0_362-b09)
# Java VM: OpenJDK 64-Bit Server VM (25.362-b09 mixed mode windows-amd64 compressed oops)
Heap:
 PSYoungGen      total 140800K, used 74846K [0x00000000d5580000, 0x00000000ded80000, 0x0000000100000000)
  eden space 135168K, 51% used [0x00000000d5580000,0x00000000d99a0378,0x00000000dd980000)
  from space 5632K, 90% used [0x00000000ddf80000,0x00000000de4777b0,0x00000000de500000)
  to   space 6144K, 0% used [0x00000000dd980000,0x00000000dd980000,0x00000000ddf80000)
 ParOldGen       total 33792K, used 10818K [0x0000000080000000, 0x0000000082100000, 0x00000000d5580000)
  object space 33792K, 32% used [0x0000000080000000,0x0000000080a90b48,0x0000000082100000)
 Metaspace       used 29043K, capacity 29804K, committed 30080K, reserved 1075200K
  class space    used 3411K, capacity 3629K, committed 3712K, reserved 1048576K
GC Heap History (10 events):
Event: 3.393 GC heap before
{Heap before GC invocations=9 (full 0):
 PSYoungGen      total 67072K, used 66956K [0x00000000d5580000, 0x00000000d9c80000, 0x0000000100000000)
  eden space 62976K, 100% used [0x00000000d5580000,0x00000000d9300000,0x00000000d9300000)
  from space 4096K, 97% used [0x00000000d9780000,0x00000000d9b631b0,0x00000000d9b80000)
  to   space 4608K, 0% used [0x00000000d9300000,0x00000000d9300000,0x00000000d9780000)
 ParOldGen       total 42496K, used 5954K [0x0000000080000000, 0x0000000082980000, 0x00000000d5580000)
  object space 42496K, 14% used [0x0000000080000000,0x00000000805d0b20,0x0000000082980000)
 Metaspace       used 19861K, capacity 20140K, committed 20608K, reserved 1067008K
  class space    used 2194K, capacity 2307K, committed 2432K, reserved 1048576K
Event: 3.401 GC heap after
Heap after GC invocations=9 (full 0):
 PSYoungGen      total 67584K, used 4607K [0x00000000d5580000, 0x00000000dc300000, 0x0000000100000000)
  eden space 62976K, 0% used [0x00000000d5580000,0x00000000d5580000,0x00000000d9300000)
  from space 4608K, 99% used [0x00000000d9300000,0x00000000d977ff90,0x00000000d9780000)
  to   space 5632K, 0% used [0x00000000dbd80000,0x00000000dbd80000,0x00000000dc300000)
 ParOldGen       total 42496K, used 7917K [0x0000000080000000, 0x0000000082980000, 0x00000000d5580000)
  object space 42496K, 18% used [0x0000000080000000,0x00000000807bb570,0x0000000082980000)
 Metaspace       used 19861K, capacity 20140K, committed 20608K, reserved 1067008K
  class space    used 2194K, capacity 2307K, committed 2432K, reserved 1048576K
}
Event: 3.987 GC heap before
{Heap before GC invocations=10 (full 0):
 PSYoungGen      total 67584K, used 39822K [0x00000000d5580000, 0x00000000dc300000, 0x0000000100000000)
  eden space 62976K, 55% used [0x00000000d5580000,0x00000000d77e3938,0x00000000d9300000)
  from space 4608K, 99% used [0x00000000d9300000,0x00000000d977ff90,0x00000000d9780000)
  to   space 5632K, 0% used [0x00000000dbd80000,0x00000000dbd80000,0x00000000dc300000)
 ParOldGen       total 42496K, used 7917K [0x0000000080000000, 0x0000000082980000, 0x00000000d5580000)
  object space 42496K, 18% used [0x0000000080000000,0x00000000807bb570,0x0000000082980000)
 Metaspace       used 20810K, capacity 21066K, committed 21296K, reserved 1069056K
  class space    used 2298K, capacity 2401K, committed 2432K, reserved 1048576K
Event: 3.995 GC heap after
Heap after GC invocations=10 (full 0):
 PSYoungGen      total 106496K, used 2909K [0x00000000d5580000, 0x00000000dc300000, 0x0000000100000000)
  eden space 100864K, 0% used [0x00000000d5580000,0x00000000d5580000,0x00000000db800000)
  from space 5632K, 51% used [0x00000000dbd80000,0x00000000dc057678,0x00000000dc300000)
  to   space 5632K, 0% used [0x00000000db800000,0x00000000db800000,0x00000000dbd80000)
 ParOldGen       total 42496K, used 9870K [0x0000000080000000, 0x0000000082980000, 0x00000000d5580000)
  object space 42496K, 23% used [0x0000000080000000,0x00000000809a39a8,0x0000000082980000)
 Metaspace       used 20810K, capacity 21066K, committed 21296K, reserved 1069056K
  class space    used 2298K, capacity 2401K, committed 2432K, reserved 1048576K
}
Event: 3.995 GC heap before
{Heap before GC invocations=11 (full 1):
 PSYoungGen      total 106496K, used 2909K [0x00000000d5580000, 0x00000000dc300000, 0x0000000100000000)
  eden space 100864K, 0% used [0x00000000d5580000,0x00000000d5580000,0x00000000db800000)
  from space 5632K, 51% used [0x00000000dbd80000,0x00000000dc057678,0x00000000dc300000)
  to   space 5632K, 0% used [0x00000000db800000,0x00000000db800000,0x00000000dbd80000)
 ParOldGen       total 42496K, used 9870K [0x0000000080000000, 0x0000000082980000, 0x00000000d5580000)
  object space 42496K, 23% used [0x0000000080000000,0x00000000809a39a8,0x0000000082980000)
 Metaspace       used 20810K, capacity 21066K, committed 21296K, reserved 1069056K
  class space    used 2298K, capacity 2401K, committed 2432K, reserved 1048576K
Event: 4.036 GC heap after
Heap after GC invocations=11 (full 1):
 PSYoungGen      total 106496K, used 0K [0x00000000d5580000, 0x00000000dc300000, 0x0000000100000000)
  eden space 100864K, 0% used [0x00000000d5580000,0x00000000d5580000,0x00000000db800000)
  from space 5632K, 0% used [0x00000000dbd80000,0x00000000dbd80000,0x00000000dc300000)
  to   space 5632K, 0% used [0x00000000db800000,0x00000000db800000,0x00000000dbd80000)
 ParOldGen       total 33792K, used 8634K [0x0000000080000000, 0x0000000082100000, 0x00000000d5580000)
  object space 33792K, 25% used [0x0000000080000000,0x000000008086eac8,0x0000000082100000)
 Metaspace       used 20810K, capacity 21066K, committed 21296K, reserved 1069056K
  class space    used 2298K, capacity 2401K, committed 2432K, reserved 1048576K
}
Event: 4.865 GC heap before
{Heap before GC invocations=12 (full 1):
 PSYoungGen      total 106496K, used 100864K [0x00000000d5580000, 0x00000000dc300000, 0x0000000100000000)
  eden space 100864K, 100% used [0x00000000d5580000,0x00000000db800000,0x00000000db800000)
  from space 5632K, 0% used [0x00000000dbd80000,0x00000000dbd80000,0x00000000dc300000)
  to   space 5632K, 0% used [0x00000000db800000,0x00000000db800000,0x00000000dbd80000)
 ParOldGen       total 33792K, used 8634K [0x0000000080000000, 0x0000000082100000, 0x00000000d5580000)
  object space 33792K, 25% used [0x0000000080000000,0x000000008086eac8,0x0000000082100000)
 Metaspace       used 22808K, capacity 23170K, committed 23424K, reserved 1071104K
  class space    used 2510K, capacity 2650K, committed 2688K, reserved 1048576K
Event: 4.869 GC heap after
Heap after GC invocations=12 (full 1):
 PSYoungGen      total 106496K, used 3035K [0x00000000d5580000, 0x00000000de500000, 0x0000000100000000)
  eden space 100864K, 0% used [0x00000000d5580000,0x00000000d5580000,0x00000000db800000)
  from space 5632K, 53% used [0x00000000db800000,0x00000000dbaf6f88,0x00000000dbd80000)
  to   space 5632K, 0% used [0x00000000ddf80000,0x00000000ddf80000,0x00000000de500000)
 ParOldGen       total 33792K, used 8642K [0x0000000080000000, 0x0000000082100000, 0x00000000d5580000)
  object space 33792K, 25% used [0x0000000080000000,0x0000000080870ac8,0x0000000082100000)
 Metaspace       used 22808K, capacity 23170K, committed 23424K, reserved 1071104K
  class space    used 2510K, capacity 2650K, committed 2688K, reserved 1048576K
}
Event: 5.449 GC heap before
{Heap before GC invocations=13 (full 1):
 PSYoungGen      total 106496K, used 103899K [0x00000000d5580000, 0x00000000de500000, 0x0000000100000000)
  eden space 100864K, 100% used [0x00000000d5580000,0x00000000db800000,0x00000000db800000)
  from space 5632K, 53% used [0x00000000db800000,0x00000000dbaf6f88,0x00000000dbd80000)
  to   space 5632K, 0% used [0x00000000ddf80000,0x00000000ddf80000,0x00000000de500000)
 ParOldGen       total 33792K, used 8642K [0x0000000080000000, 0x0000000082100000, 0x00000000d5580000)
  object space 33792K, 25% used [0x0000000080000000,0x0000000080870ac8,0x0000000082100000)
 Metaspace       used 24251K, capacity 24606K, committed 24960K, reserved 1071104K
  class space    used 2721K, capacity 2850K, committed 2944K, reserved 1048576K
Event: 5.479 GC heap after
Heap after GC invocations=13 (full 1):
 PSYoungGen      total 140800K, used 5085K [0x00000000d5580000, 0x00000000ded80000, 0x0000000100000000)
  eden space 135168K, 0% used [0x00000000d5580000,0x00000000d5580000,0x00000000dd980000)
  from space 5632K, 90% used [0x00000000ddf80000,0x00000000de4777b0,0x00000000de500000)
  to   space 6144K, 0% used [0x00000000dd980000,0x00000000dd980000,0x00000000ddf80000)
 ParOldGen       total 33792K, used 10818K [0x0000000080000000, 0x0000000082100000, 0x00000000d5580000)
  object space 33792K, 32% used [0x0000000080000000,0x0000000080a90b48,0x0000000082100000)
 Metaspace       used 24251K, capacity 24606K, committed 24960K, reserved 1071104K
  class space    used 2721K, capacity 2850K, committed 2944K, reserved 1048576K
}

