# JRE version: OpenJDK Runtime Environment (Zulu 8.68.0.21-CA-win64) (8.0_362-b09) (build 1.8.0_362-b09)
# Java VM: OpenJDK 64-Bit Server VM (25.362-b09 mixed mode windows-amd64 compressed oops)
Heap:
 PSYoungGen      total 133632K, used 63162K [0x00000000d5580000, 0x00000000e2980000, 0x0000000100000000)
  eden space 126464K, 49% used [0x00000000d5580000,0x00000000d932e820,0x00000000dd100000)
  from space 7168K, 0% used [0x00000000dd100000,0x00000000dd100000,0x00000000dd800000)
  to   space 7168K, 0% used [0x00000000e2280000,0x00000000e2280000,0x00000000e2980000)
 ParOldGen       total 32256K, used 9432K [0x0000000080000000, 0x0000000081f80000, 0x00000000d5580000)
  object space 32256K, 29% used [0x0000000080000000,0x0000000080936168,0x0000000081f80000)
 Metaspace       used 22820K, capacity 23186K, committed 23424K, reserved 1071104K
  class space    used 2527K, capacity 2655K, committed 2688K, reserved 1048576K
GC Heap History (10 events):
Event: 4.325 GC heap before
{Heap before GC invocations=6 (full 0):
 PSYoungGen      total 34304K, used 34288K [0x00000000d5580000, 0x00000000d9c80000, 0x0000000100000000)
  eden space 31744K, 100% used [0x00000000d5580000,0x00000000d7480000,0x00000000d7480000)
  from space 2560K, 99% used [0x00000000d7480000,0x00000000d76fc228,0x00000000d7700000)
  to   space 4608K, 0% used [0x00000000d9800000,0x00000000d9800000,0x00000000d9c80000)
 ParOldGen       total 42496K, used 4271K [0x0000000080000000, 0x0000000082980000, 0x00000000d5580000)
  object space 42496K, 10% used [0x0000000080000000,0x000000008042bf78,0x0000000082980000)
 Metaspace       used 10628K, capacity 10774K, committed 11008K, reserved 1058816K
  class space    used 1166K, capacity 1209K, committed 1280K, reserved 1048576K
Event: 4.330 GC heap after
Heap after GC invocations=6 (full 0):
 PSYoungGen      total 68096K, used 2823K [0x00000000d5580000, 0x00000000d9c80000, 0x0000000100000000)
  eden space 63488K, 0% used [0x00000000d5580000,0x00000000d5580000,0x00000000d9380000)
  from space 4608K, 61% used [0x00000000d9800000,0x00000000d9ac1f10,0x00000000d9c80000)
  to   space 4608K, 0% used [0x00000000d9380000,0x00000000d9380000,0x00000000d9800000)
 ParOldGen       total 42496K, used 4271K [0x0000000080000000, 0x0000000082980000, 0x00000000d5580000)
  object space 42496K, 10% used [0x0000000080000000,0x000000008042bf78,0x0000000082980000)
 Metaspace       used 10628K, capacity 10774K, committed 11008K, reserved 1058816K
  class space    used 1166K, capacity 1209K, committed 1280K, reserved 1048576K
}
Event: 5.042 GC heap before
{Heap before GC invocations=7 (full 0):
 PSYoungGen      total 68096K, used 66311K [0x00000000d5580000, 0x00000000d9c80000, 0x0000000100000000)
  eden space 63488K, 100% used [0x00000000d5580000,0x00000000d9380000,0x00000000d9380000)
  from space 4608K, 61% used [0x00000000d9800000,0x00000000d9ac1f10,0x00000000d9c80000)
  to   space 4608K, 0% used [0x00000000d9380000,0x00000000d9380000,0x00000000d9800000)
 ParOldGen       total 42496K, used 4271K [0x0000000080000000, 0x0000000082980000, 0x00000000d5580000)
  object space 42496K, 10% used [0x0000000080000000,0x000000008042bf78,0x0000000082980000)
 Metaspace       used 16576K, capacity 16864K, committed 17024K, reserved 1064960K
  class space    used 1730K, capacity 1853K, committed 1920K, reserved 1048576K
Event: 5.048 GC heap after
Heap after GC invocations=7 (full 0):
 PSYoungGen      total 68096K, used 4581K [0x00000000d5580000, 0x00000000dde80000, 0x0000000100000000)
  eden space 63488K, 0% used [0x00000000d5580000,0x00000000d5580000,0x00000000d9380000)
  from space 4608K, 99% used [0x00000000d9380000,0x00000000d97f9508,0x00000000d9800000)
  to   space 6656K, 0% used [0x00000000dd800000,0x00000000dd800000,0x00000000dde80000)
 ParOldGen       total 42496K, used 6877K [0x0000000080000000, 0x0000000082980000, 0x00000000d5580000)
  object space 42496K, 16% used [0x0000000080000000,0x00000000806b76b0,0x0000000082980000)
 Metaspace       used 16576K, capacity 16864K, committed 17024K, reserved 1064960K
  class space    used 1730K, capacity 1853K, committed 1920K, reserved 1048576K
}
Event: 5.552 GC heap before
{Heap before GC invocations=8 (full 0):
 PSYoungGen      total 68096K, used 68069K [0x00000000d5580000, 0x00000000dde80000, 0x0000000100000000)
  eden space 63488K, 100% used [0x00000000d5580000,0x00000000d9380000,0x00000000d9380000)
  from space 4608K, 99% used [0x00000000d9380000,0x00000000d97f9508,0x00000000d9800000)
  to   space 6656K, 0% used [0x00000000dd800000,0x00000000dd800000,0x00000000dde80000)
 ParOldGen       total 42496K, used 6877K [0x0000000080000000, 0x0000000082980000, 0x00000000d5580000)
  object space 42496K, 16% used [0x0000000080000000,0x00000000806b76b0,0x0000000082980000)
 Metaspace       used 20590K, capacity 20824K, committed 21120K, reserved 1069056K
  class space    used 2274K, capacity 2387K, committed 2432K, reserved 1048576K
Event: 5.560 GC heap after
Heap after GC invocations=8 (full 0):
 PSYoungGen      total 133120K, used 6549K [0x00000000d5580000, 0x00000000ddf80000, 0x0000000100000000)
  eden space 126464K, 0% used [0x00000000d5580000,0x00000000d5580000,0x00000000dd100000)
  from space 6656K, 98% used [0x00000000dd800000,0x00000000dde65458,0x00000000dde80000)
  to   space 7168K, 0% used [0x00000000dd100000,0x00000000dd100000,0x00000000dd800000)
 ParOldGen       total 42496K, used 7629K [0x0000000080000000, 0x0000000082980000, 0x00000000d5580000)
  object space 42496K, 17% used [0x0000000080000000,0x00000000807736c0,0x0000000082980000)
 Metaspace       used 20590K, capacity 20824K, committed 21120K, reserved 1069056K
  class space    used 2274K, capacity 2387K, committed 2432K, reserved 1048576K
}
Event: 5.652 GC heap before
{Heap before GC invocations=9 (full 0):
 PSYoungGen      total 133120K, used 21778K [0x00000000d5580000, 0x00000000ddf80000, 0x0000000100000000)
  eden space 126464K, 12% used [0x00000000d5580000,0x00000000d645f638,0x00000000dd100000)
  from space 6656K, 98% used [0x00000000dd800000,0x00000000dde65458,0x00000000dde80000)
  to   space 7168K, 0% used [0x00000000dd100000,0x00000000dd100000,0x00000000dd800000)
 ParOldGen       total 42496K, used 7629K [0x0000000080000000, 0x0000000082980000, 0x00000000d5580000)
  object space 42496K, 17% used [0x0000000080000000,0x00000000807736c0,0x0000000082980000)
 Metaspace       used 20802K, capacity 21092K, committed 21296K, reserved 1069056K
  class space    used 2299K, capacity 2432K, committed 2432K, reserved 1048576K
Event: 5.656 GC heap after
Heap after GC invocations=9 (full 0):
 PSYoungGen      total 133632K, used 4390K [0x00000000d5580000, 0x00000000e2980000, 0x0000000100000000)
  eden space 126464K, 0% used [0x00000000d5580000,0x00000000d5580000,0x00000000dd100000)
  from space 7168K, 61% used [0x00000000dd100000,0x00000000dd549980,0x00000000dd800000)
  to   space 7168K, 0% used [0x00000000e2280000,0x00000000e2280000,0x00000000e2980000)
 ParOldGen       total 42496K, used 8178K [0x0000000080000000, 0x0000000082980000, 0x00000000d5580000)
  object space 42496K, 19% used [0x0000000080000000,0x00000000807fc840,0x0000000082980000)
 Metaspace       used 20802K, capacity 21092K, committed 21296K, reserved 1069056K
  class space    used 2299K, capacity 2432K, committed 2432K, reserved 1048576K
}
Event: 5.656 GC heap before
{Heap before GC invocations=10 (full 1):
 PSYoungGen      total 133632K, used 4390K [0x00000000d5580000, 0x00000000e2980000, 0x0000000100000000)
  eden space 126464K, 0% used [0x00000000d5580000,0x00000000d5580000,0x00000000dd100000)
  from space 7168K, 61% used [0x00000000dd100000,0x00000000dd549980,0x00000000dd800000)
  to   space 7168K, 0% used [0x00000000e2280000,0x00000000e2280000,0x00000000e2980000)
 ParOldGen       total 42496K, used 8178K [0x0000000080000000, 0x0000000082980000, 0x00000000d5580000)
  object space 42496K, 19% used [0x0000000080000000,0x00000000807fc840,0x0000000082980000)
 Metaspace       used 20802K, capacity 21092K, committed 21296K, reserved 1069056K
  class space    used 2299K, capacity 2432K, committed 2432K, reserved 1048576K
Event: 5.698 GC heap after
Heap after GC invocations=10 (full 1):
 PSYoungGen      total 133632K, used 0K [0x00000000d5580000, 0x00000000e2980000, 0x0000000100000000)
  eden space 126464K, 0% used [0x00000000d5580000,0x00000000d5580000,0x00000000dd100000)
  from space 7168K, 0% used [0x00000000dd100000,0x00000000dd100000,0x00000000dd800000)
  to   space 7168K, 0% used [0x00000000e2280000,0x00000000e2280000,0x00000000e2980000)
 ParOldGen       total 32256K, used 9432K [0x0000000080000000, 0x0000000081f80000, 0x00000000d5580000)
  object space 32256K, 29% used [0x0000000080000000,0x0000000080936168,0x0000000081f80000)
 Metaspace       used 20802K, capacity 21092K, committed 21296K, reserved 1069056K
  class space    used 2299K, capacity 2432K, committed 2432K, reserved 1048576K
}

